<?xml version="1.0" encoding="UTF-8"?>
<testsuite xmlns:xsi="http://www.w3.org/2001/XMLSchema-instance" xsi:noNamespaceSchemaLocation="https://maven.apache.org/surefire/maven-surefire-plugin/xsd/surefire-test-report.xsd" version="3.0.1" name="TestSuite" time="25.982" tests="3" errors="0" skipped="0" failures="0">
  <properties>
[...]
</properties>
  <testcase name="completePurchaseFlow" classname="com.globant.app.tests.PurchaseTest" time="0.989">
    <system-out><![CDATA[[TestNGContentHandler] [WARN] It is strongly recommended to add "<!DOCTYPE suite SYSTEM "http://testng.org/testng-1.0.dtd" >" at the top of your file, otherwise TestNG may fail or not work as expected.
[TestNG] [WARN] Ignoring duplicate listener : io.qameta.allure.testng.AllureTestNg
[TestNG] [WARN] Ignoring duplicate listener : io.qameta.allure.testng.AllureTestNg
[TestNG] [WARN] Ignoring duplicate listener : io.qameta.allure.testng.AllureTestNg
[TestNG] [WARN] Ignoring duplicate listener : io.qameta.allure.testng.AllureTestNg
[TestNG] [WARN] Ignoring duplicate listener : io.qameta.allure.testng.AllureTestNg
[TestNG] [WARN] Ignoring duplicate listener : io.qameta.allure.testng.AllureTestNg
22:18:09.540 [main] INFO  io.github.bonigarcia.wdm.WebDriverManager - Using chromedriver 131.0.6778.85 (resolved driver for Chrome 131)
22:18:09.570 [main] INFO  io.github.bonigarcia.wdm.WebDriverManager - Exporting webdriver.chrome.driver as C:\Users\Alejandro\.cache\selenium\chromedriver\win64\131.0.6778.85\chromedriver.exe
22:18:11.730 [main] INFO  com.globant.app.pages.LoginPage - Waiting to Login
22:18:11.994 [main] INFO  com.globant.app.pages.LoginPage - Successful Login
22:18:12.083 [main] INFO  com.globant.app.pages.ProductPage - Product [sauce-labs-bolt-t-shirt] was added to the shopping cart
22:18:12.200 [main] INFO  com.globant.app.pages.ProductPage - Navigated to shopping cart
22:18:12.255 [main] INFO  com.globant.app.pages.CartPage - Checkout: Your Information
22:18:12.572 [main] INFO  com.globant.app.pages.CheckoutPage - Checkout: Overview
22:18:12.676 [main] INFO  com.globant.app.pages.CheckoutPage - Checkout: Complete!
22:18:12.681 [main] INFO  com.globant.app.pages.CheckoutPage - THANK YOU FOR YOUR PURCHASE :) 
]]></system-out>
    <system-err><![CDATA[Starting ChromeDriver 131.0.6778.85 (3d81e41b6f3ac8bcae63b32e8145c9eb0cd60a2d-refs/branch-heads/6778@{#2285}) on port 25913
Only local connections are allowed.
Please see https://chromedriver.chromium.org/security-considerations for suggestions on keeping ChromeDriver safe.
ChromeDriver was started successfully on port 25913.
nov 29, 2024 10:18:10 P. M. org.openqa.selenium.remote.ProtocolHandshake createSession
INFO: Detected dialect: W3C
]]></system-err>
  </testcase>
  <testcase name="completeRemoveFlow" classname="com.globant.app.tests.CartTest" time="0.872">
    <system-out><![CDATA[22:18:17.848 [main] INFO  io.github.bonigarcia.wdm.WebDriverManager - Using chromedriver 131.0.6778.85 (resolved driver for Chrome 131)
22:18:17.856 [main] INFO  io.github.bonigarcia.wdm.WebDriverManager - Exporting webdriver.chrome.driver as C:\Users\Alejandro\.cache\selenium\chromedriver\win64\131.0.6778.85\chromedriver.exe
22:18:19.349 [main] INFO  com.globant.app.pages.LoginPage - Waiting to Login
22:18:19.596 [main] INFO  com.globant.app.pages.LoginPage - Successful Login
Added product ID: sauce-labs-bolt-t-shirt
Added product ID: sauce-labs-bike-light
Added product ID: sauce-labs-fleece-jacket
22:18:20.026 [main] INFO  com.globant.app.pages.ProductPage - Navigated to shopping cart
Removed product ID: sauce-labs-bolt-t-shirt
Removed product ID: sauce-labs-bike-light
Removed product ID: sauce-labs-fleece-jacket
22:18:20.219 [main] INFO  com.globant.app.pages.CartPage - Shopping cart is empty!
]]></system-out>
    <system-err><![CDATA[Starting ChromeDriver 131.0.6778.85 (3d81e41b6f3ac8bcae63b32e8145c9eb0cd60a2d-refs/branch-heads/6778@{#2285}) on port 12675
Only local connections are allowed.
Please see https://chromedriver.chromium.org/security-considerations for suggestions on keeping ChromeDriver safe.
ChromeDriver was started successfully on port 12675.
nov 29, 2024 10:18:18 P. M. org.openqa.selenium.remote.ProtocolHandshake createSession
INFO: Detected dialect: W3C
]]></system-err>
  </testcase>
  <testcase name="completeLogoutFlow" classname="com.globant.app.tests.LogoutTest" time="1.032">
    <system-out><![CDATA[22:18:25.365 [main] INFO  io.github.bonigarcia.wdm.WebDriverManager - Using chromedriver 131.0.6778.85 (resolved driver for Chrome 131)
22:18:25.372 [main] INFO  io.github.bonigarcia.wdm.WebDriverManager - Exporting webdriver.chrome.driver as C:\Users\Alejandro\.cache\selenium\chromedriver\win64\131.0.6778.85\chromedriver.exe
22:18:26.807 [main] INFO  com.globant.app.pages.LoginPage - Waiting to Login
22:18:27.069 [main] INFO  com.globant.app.pages.LoginPage - Successful Login
22:18:27.188 [main] INFO  com.globant.app.pages.ProductPage - Menu is open
22:18:27.833 [main] INFO  com.globant.app.pages.ProductPage - Logout Successful
]]></system-out>
    <system-err><![CDATA[Starting ChromeDriver 131.0.6778.85 (3d81e41b6f3ac8bcae63b32e8145c9eb0cd60a2d-refs/branch-heads/6778@{#2285}) on port 44185
Only local connections are allowed.
Please see https://chromedriver.chromium.org/security-considerations for suggestions on keeping ChromeDriver safe.
ChromeDriver was started successfully on port 44185.
nov 29, 2024 10:18:25 P. M. org.openqa.selenium.remote.ProtocolHandshake createSession
INFO: Detected dialect: W3C
]]></system-err>
  </testcase>
</testsuite>