<?xml version="1.0" encoding="UTF-8"?>
<testng-results ignored="0" total="3" passed="3" failed="0" skipped="0">
  <reporter-output>
  </reporter-output>
  <suite started-at="2024-11-30T03:18:09Z" name="Test Suite" finished-at="2024-11-30T03:18:32Z" duration-ms="23746">
    <groups>
    </groups>
    <test started-at="2024-11-30T03:18:09Z" name="Test" finished-at="2024-11-30T03:18:32Z" duration-ms="23746">
      <class name="com.globant.app.tests.CartTest">
        <test-method is-config="true" signature="setUp()[pri:0, instance:com.globant.app.tests.CartTest@da4cf09]" started-at="2024-11-30T03:18:17Z" name="setUp" finished-at="2024-11-30T03:18:19Z" duration-ms="1506" status="PASS">
          <reporter-output>
          </reporter-output>
        </test-method> <!-- setUp -->
        <test-method signature="completeRemoveFlow()[pri:0, instance:com.globant.app.tests.CartTest@da4cf09]" started-at="2024-11-30T03:18:19Z" name="completeRemoveFlow" finished-at="2024-11-30T03:18:20Z" duration-ms="873" status="PASS">
          <reporter-output>
          </reporter-output>
        </test-method> <!-- completeRemoveFlow -->
        <test-method is-config="true" signature="tearDown()[pri:0, instance:com.globant.app.tests.CartTest@da4cf09]" started-at="2024-11-30T03:18:20Z" name="tearDown" finished-at="2024-11-30T03:18:25Z" duration-ms="5136" status="PASS">
          <reporter-output>
          </reporter-output>
        </test-method> <!-- tearDown -->
      </class> <!-- com.globant.app.tests.CartTest -->
      <class name="com.globant.app.tests.LogoutTest">
        <test-method is-config="true" signature="setUp()[pri:0, instance:com.globant.app.tests.LogoutTest@1980a3f]" started-at="2024-11-30T03:18:25Z" name="setUp" finished-at="2024-11-30T03:18:26Z" duration-ms="1446" status="PASS">
          <reporter-output>
          </reporter-output>
        </test-method> <!-- setUp -->
        <test-method signature="completeLogoutFlow()[pri:0, instance:com.globant.app.tests.LogoutTest@1980a3f]" started-at="2024-11-30T03:18:26Z" name="completeLogoutFlow" finished-at="2024-11-30T03:18:27Z" duration-ms="1032" status="PASS">
          <reporter-output>
          </reporter-output>
        </test-method> <!-- completeLogoutFlow -->
        <test-method is-config="true" signature="tearDown()[pri:0, instance:com.globant.app.tests.LogoutTest@1980a3f]" started-at="2024-11-30T03:18:27Z" name="tearDown" finished-at="2024-11-30T03:18:32Z" duration-ms="5138" status="PASS">
          <reporter-output>
          </reporter-output>
        </test-method> <!-- tearDown -->
      </class> <!-- com.globant.app.tests.LogoutTest -->
      <class name="com.globant.app.tests.PurchaseTest">
        <test-method is-config="true" signature="setUp()[pri:0, instance:com.globant.app.tests.PurchaseTest@3e214105]" started-at="2024-11-30T03:18:09Z" name="setUp" finished-at="2024-11-30T03:18:11Z" duration-ms="2361" status="PASS">
          <reporter-output>
          </reporter-output>
        </test-method> <!-- setUp -->
        <test-method signature="completePurchaseFlow()[pri:0, instance:com.globant.app.tests.PurchaseTest@3e214105]" started-at="2024-11-30T03:18:11Z" name="completePurchaseFlow" finished-at="2024-11-30T03:18:12Z" duration-ms="999" status="PASS">
          <reporter-output>
          </reporter-output>
        </test-method> <!-- completePurchaseFlow -->
        <test-method is-config="true" signature="tearDown()[pri:0, instance:com.globant.app.tests.PurchaseTest@3e214105]" started-at="2024-11-30T03:18:12Z" name="tearDown" finished-at="2024-11-30T03:18:17Z" duration-ms="5140" status="PASS">
          <reporter-output>
          </reporter-output>
        </test-method> <!-- tearDown -->
      </class> <!-- com.globant.app.tests.PurchaseTest -->
    </test> <!-- Test -->
  </suite> <!-- Test Suite -->
</testng-results>
