<?xml version="1.0" encoding="UTF-8"?>
<!-- Generated by org.testng.reporters.JUnitXMLReporter -->
<testsuite ignored="0" hostname="DESKTOP-ML44VOR" failures="0" tests="3" name="Test" time="23.746" errors="0" timestamp="30 nov 2024 03:18:32 GMT">
  <testcase classname="com.globant.app.tests.PurchaseTest" name="completePurchaseFlow" time="0.999"/>
  <testcase classname="com.globant.app.tests.CartTest" name="completeRemoveFlow" time="0.873"/>
  <testcase classname="com.globant.app.tests.LogoutTest" name="completeLogoutFlow" time="1.032"/>
</testsuite> <!-- Test -->
