<?xml version="1.0" encoding="UTF-8"?>
<!-- Generated by org.testng.reporters.JUnitXMLReporter -->
<testsuite ignored="0" hostname="DESKTOP-ML44VOR" failures="0" tests="3" name="Test" time="24.649" errors="0" timestamp="2024-11-29T22:04:29 ECT">
  <testcase classname="com.globant.app.tests.PurchaseTest" name="completePurchaseFlow" time="1.111"/>
  <testcase classname="com.globant.app.tests.CartTest" name="completeRemoveFlow" time="0.95"/>
  <testcase classname="com.globant.app.tests.LogoutTest" name="completeLogoutFlow" time="1.089"/>
</testsuite> <!-- Test -->
